<?xml version="1.0" encoding="UTF-8"?>
<testsuite name="DrivableMapTest" tests="3" skipped="0" failures="0" errors="0" timestamp="2022-10-09T18:53:35" hostname="Jiaxins-MacBook-Pro-2.local" time="0.009">
  <properties/>
  <testcase name="testGetTradable" classname="DrivableMapTest" time="0.007"/>
  <testcase name="testHasFasterThan" classname="DrivableMapTest" time="0.0"/>
  <testcase name="testAddDrivable" classname="DrivableMapTest" time="0.001"/>
  <system-out><![CDATA[]]></system-out>
  <system-err><![CDATA[]]></system-err>
</testsuite>
